[2019-07-03 23:27:52][main][INFO][org.springframework.boot.test.context.SpringBootTestContextBootstrapper:308] Neither @ContextConfiguration nor @ContextHierarchy found for test class [com.own.springboot.LearnStartApplicationTests], using SpringBootContextLoader
[2019-07-03 23:27:52][main][INFO][org.springframework.test.context.support.AbstractContextLoader:264] Could not detect default resource locations for test class [com.own.springboot.LearnStartApplicationTests]: no resource found for suffixes {-context.xml, Context.groovy}.
[2019-07-03 23:27:52][main][INFO][org.springframework.test.context.support.AnnotationConfigContextLoaderUtils:83] Could not detect default configuration classes for test class [com.own.springboot.LearnStartApplicationTests]: LearnStartApplicationTests does not declare any static, non-private, non-final, nested classes annotated with @Configuration.
[2019-07-03 23:27:52][main][INFO][org.springframework.boot.test.context.SpringBootTestContextBootstrapper:247] Found @SpringBootConfiguration com.own.springboot.LearnStartApplication for test class com.own.springboot.LearnStartApplicationTests
[2019-07-03 23:27:52][main][INFO][org.springframework.boot.test.context.SpringBootTestContextBootstrapper:248] Loaded default TestExecutionListener class names from location [META-INF/spring.factories]: [org.springframework.boot.test.mock.mockito.MockitoTestExecutionListener, org.springframework.boot.test.mock.mockito.ResetMocksTestExecutionListener, org.springframework.boot.test.autoconfigure.restdocs.RestDocsTestExecutionListener, org.springframework.boot.test.autoconfigure.web.client.MockRestServiceServerResetTestExecutionListener, org.springframework.boot.test.autoconfigure.web.servlet.MockMvcPrintOnlyOnFailureTestExecutionListener, org.springframework.boot.test.autoconfigure.web.servlet.WebDriverTestExecutionListener, org.springframework.test.context.web.ServletTestExecutionListener, org.springframework.test.context.support.DirtiesContextBeforeModesTestExecutionListener, org.springframework.test.context.support.DependencyInjectionTestExecutionListener, org.springframework.test.context.support.DirtiesContextTestExecutionListener, org.springframework.test.context.transaction.TransactionalTestExecutionListener, org.springframework.test.context.jdbc.SqlScriptsTestExecutionListener]
[2019-07-03 23:27:52][main][INFO][org.springframework.boot.test.context.SpringBootTestContextBootstrapper:177] Using TestExecutionListeners: [org.springframework.test.context.web.ServletTestExecutionListener@6079cf5, org.springframework.test.context.support.DirtiesContextBeforeModesTestExecutionListener@1e6308a9, org.springframework.boot.test.mock.mockito.MockitoTestExecutionListener@30cecdca, org.springframework.boot.test.autoconfigure.SpringBootDependencyInjectionTestExecutionListener@6edc4161, org.springframework.test.context.support.DirtiesContextTestExecutionListener@5486887b, org.springframework.test.context.transaction.TransactionalTestExecutionListener@5226e402, org.springframework.test.context.jdbc.SqlScriptsTestExecutionListener@1440c311, org.springframework.boot.test.mock.mockito.ResetMocksTestExecutionListener@189b5fb1, org.springframework.boot.test.autoconfigure.restdocs.RestDocsTestExecutionListener@783ec989, org.springframework.boot.test.autoconfigure.web.client.MockRestServiceServerResetTestExecutionListener@1ddd3478, org.springframework.boot.test.autoconfigure.web.servlet.MockMvcPrintOnlyOnFailureTestExecutionListener@f973499, org.springframework.boot.test.autoconfigure.web.servlet.WebDriverTestExecutionListener@4d33940d]
[2019-07-03 23:27:54][main][INFO][com.own.springboot.LearnStartApplicationTests:50] Starting LearnStartApplicationTests on DESKTOP-3T055Q6 with PID 11860 (started by admin in D:\learnSpringboot\learn-start)
[2019-07-03 23:27:54][main][INFO][com.own.springboot.LearnStartApplicationTests:679] The following profiles are active: dev
[2019-07-03 23:27:59][main][INFO][com.alibaba.druid.spring.boot.autoconfigure.DruidDataSourceAutoConfigure:56] Init DruidDataSource
[2019-07-03 23:28:00][main][INFO][com.alibaba.druid.pool.DruidDataSource:928] {dataSource-1} inited
[2019-07-03 23:28:01][main][INFO][org.springframework.cache.ehcache.EhCacheManagerFactoryBean:134] Initializing EhCache CacheManager
[2019-07-03 23:28:02][main][WARN][net.sf.ehcache.config.CacheConfiguration:1857] Configuration problem for cache userCache: MaxEntriesLocalHeap equal or greater than MaxEntriesLocalDisk. This will result in useless disk storage.
[2019-07-03 23:28:03][main][INFO][org.springframework.scheduling.concurrent.ThreadPoolTaskExecutor:171] Initializing ExecutorService
[2019-07-03 23:28:03][main][INFO][org.springframework.scheduling.concurrent.ThreadPoolTaskExecutor:171] Initializing ExecutorService 'myAsyncThreadPool'
[2019-07-03 23:28:04][main][WARN][org.thymeleaf.templatemode.TemplateMode:150] [THYMELEAF][main] Template Mode 'LEGACYHTML5' is deprecated. Using Template Mode 'HTML' instead.
[2019-07-03 23:28:05][main][INFO][org.quartz.impl.StdSchedulerFactory:1184] Using default implementation for ThreadExecutor
[2019-07-03 23:28:05][main][INFO][org.quartz.core.SchedulerSignalerImpl:61] Initialized Scheduler Signaller of type: class org.quartz.core.SchedulerSignalerImpl
[2019-07-03 23:28:05][main][INFO][org.quartz.core.QuartzScheduler:240] Quartz Scheduler v.2.2.1 created.
[2019-07-03 23:28:05][main][INFO][org.quartz.simpl.RAMJobStore:155] RAMJobStore initialized.
[2019-07-03 23:28:05][main][INFO][org.quartz.core.QuartzScheduler:305] Scheduler meta-data: Quartz Scheduler (v2.2.1) 'quartzScheduler' with instanceId 'NON_CLUSTERED'
  Scheduler class: 'org.quartz.core.QuartzScheduler' - running locally.
  NOT STARTED.
  Currently in standby mode.
  Number of jobs executed: 0
  Using thread pool 'org.quartz.simpl.SimpleThreadPool' - with 10 threads.
  Using job-store 'org.quartz.simpl.RAMJobStore' - which does not support persistence. and is not clustered.

[2019-07-03 23:28:05][main][INFO][org.quartz.impl.StdSchedulerFactory:1339] Quartz scheduler 'quartzScheduler' initialized from an externally provided properties instance.
[2019-07-03 23:28:05][main][INFO][org.quartz.impl.StdSchedulerFactory:1343] Quartz scheduler version: 2.2.1
[2019-07-03 23:28:05][main][INFO][org.quartz.core.QuartzScheduler:2311] JobFactory set to: org.springframework.scheduling.quartz.SpringBeanJobFactory@5bf7f15f
[2019-07-03 23:28:06][main][INFO][org.springframework.scheduling.quartz.SchedulerFactoryBean:726] Starting Quartz Scheduler now
[2019-07-03 23:28:06][main][INFO][org.quartz.core.QuartzScheduler:575] Scheduler quartzScheduler_$_NON_CLUSTERED started.
[2019-07-03 23:28:06][main][INFO][com.own.springboot.LearnStartApplicationTests:59] Started LearnStartApplicationTests in 12.869 seconds (JVM running for 20.693)
[2019-07-03 23:30:04][Thread-6][INFO][org.quartz.core.QuartzScheduler:613] Scheduler quartzScheduler_$_NON_CLUSTERED paused.
[2019-07-03 23:30:04][Thread-6][INFO][org.springframework.scheduling.quartz.SchedulerFactoryBean:844] Shutting down Quartz Scheduler
[2019-07-03 23:30:04][Thread-6][INFO][org.quartz.core.QuartzScheduler:694] Scheduler quartzScheduler_$_NON_CLUSTERED shutting down.
[2019-07-03 23:30:04][Thread-6][INFO][org.quartz.core.QuartzScheduler:613] Scheduler quartzScheduler_$_NON_CLUSTERED paused.
[2019-07-03 23:30:04][Thread-6][INFO][org.quartz.core.QuartzScheduler:771] Scheduler quartzScheduler_$_NON_CLUSTERED shutdown complete.
[2019-07-03 23:30:04][Thread-6][INFO][org.springframework.scheduling.concurrent.ThreadPoolTaskExecutor:208] Shutting down ExecutorService 'myAsyncThreadPool'
[2019-07-03 23:30:04][Thread-6][INFO][org.springframework.cache.ehcache.EhCacheManagerFactoryBean:192] Shutting down EhCache CacheManager
[2019-07-03 23:30:04][Thread-6][INFO][com.alibaba.druid.pool.DruidDataSource:1823] {dataSource-1} closed
[2019-07-03 23:35:16][main][INFO][org.springframework.boot.test.context.SpringBootTestContextBootstrapper:308] Neither @ContextConfiguration nor @ContextHierarchy found for test class [com.own.springboot.LearnStartApplicationTests], using SpringBootContextLoader
[2019-07-03 23:35:16][main][INFO][org.springframework.test.context.support.AbstractContextLoader:264] Could not detect default resource locations for test class [com.own.springboot.LearnStartApplicationTests]: no resource found for suffixes {-context.xml, Context.groovy}.
[2019-07-03 23:35:16][main][INFO][org.springframework.test.context.support.AnnotationConfigContextLoaderUtils:83] Could not detect default configuration classes for test class [com.own.springboot.LearnStartApplicationTests]: LearnStartApplicationTests does not declare any static, non-private, non-final, nested classes annotated with @Configuration.
[2019-07-03 23:35:16][main][INFO][org.springframework.boot.test.context.SpringBootTestContextBootstrapper:247] Found @SpringBootConfiguration com.own.springboot.LearnStartApplication for test class com.own.springboot.LearnStartApplicationTests
[2019-07-03 23:35:16][main][INFO][org.springframework.boot.test.context.SpringBootTestContextBootstrapper:248] Loaded default TestExecutionListener class names from location [META-INF/spring.factories]: [org.springframework.boot.test.mock.mockito.MockitoTestExecutionListener, org.springframework.boot.test.mock.mockito.ResetMocksTestExecutionListener, org.springframework.boot.test.autoconfigure.restdocs.RestDocsTestExecutionListener, org.springframework.boot.test.autoconfigure.web.client.MockRestServiceServerResetTestExecutionListener, org.springframework.boot.test.autoconfigure.web.servlet.MockMvcPrintOnlyOnFailureTestExecutionListener, org.springframework.boot.test.autoconfigure.web.servlet.WebDriverTestExecutionListener, org.springframework.test.context.web.ServletTestExecutionListener, org.springframework.test.context.support.DirtiesContextBeforeModesTestExecutionListener, org.springframework.test.context.support.DependencyInjectionTestExecutionListener, org.springframework.test.context.support.DirtiesContextTestExecutionListener, org.springframework.test.context.transaction.TransactionalTestExecutionListener, org.springframework.test.context.jdbc.SqlScriptsTestExecutionListener]
[2019-07-03 23:35:16][main][INFO][org.springframework.boot.test.context.SpringBootTestContextBootstrapper:177] Using TestExecutionListeners: [org.springframework.test.context.web.ServletTestExecutionListener@21f9277b, org.springframework.test.context.support.DirtiesContextBeforeModesTestExecutionListener@201aa8c1, org.springframework.boot.test.mock.mockito.MockitoTestExecutionListener@5d58c727, org.springframework.boot.test.autoconfigure.SpringBootDependencyInjectionTestExecutionListener@52a36910, org.springframework.test.context.support.DirtiesContextTestExecutionListener@3a095ec0, org.springframework.test.context.transaction.TransactionalTestExecutionListener@4f20a5e0, org.springframework.test.context.jdbc.SqlScriptsTestExecutionListener@54da32dc, org.springframework.boot.test.mock.mockito.ResetMocksTestExecutionListener@1d782abe, org.springframework.boot.test.autoconfigure.restdocs.RestDocsTestExecutionListener@6df7988f, org.springframework.boot.test.autoconfigure.web.client.MockRestServiceServerResetTestExecutionListener@27b22f74, org.springframework.boot.test.autoconfigure.web.servlet.MockMvcPrintOnlyOnFailureTestExecutionListener@22fba58c, org.springframework.boot.test.autoconfigure.web.servlet.WebDriverTestExecutionListener@7e8a46b7]
[2019-07-03 23:35:17][main][INFO][com.own.springboot.LearnStartApplicationTests:50] Starting LearnStartApplicationTests on DESKTOP-3T055Q6 with PID 3304 (started by admin in D:\learnSpringboot\learn-start)
[2019-07-03 23:35:17][main][INFO][com.own.springboot.LearnStartApplicationTests:679] The following profiles are active: dev
[2019-07-03 23:35:20][main][INFO][com.alibaba.druid.spring.boot.autoconfigure.DruidDataSourceAutoConfigure:56] Init DruidDataSource
[2019-07-03 23:35:21][main][INFO][com.alibaba.druid.pool.DruidDataSource:928] {dataSource-1} inited
[2019-07-03 23:35:22][main][INFO][org.springframework.cache.ehcache.EhCacheManagerFactoryBean:134] Initializing EhCache CacheManager
[2019-07-03 23:35:24][main][WARN][net.sf.ehcache.config.CacheConfiguration:1857] Configuration problem for cache userCache: MaxEntriesLocalHeap equal or greater than MaxEntriesLocalDisk. This will result in useless disk storage.
[2019-07-03 23:35:24][main][INFO][org.springframework.scheduling.concurrent.ThreadPoolTaskExecutor:171] Initializing ExecutorService
[2019-07-03 23:35:24][main][INFO][org.springframework.scheduling.concurrent.ThreadPoolTaskExecutor:171] Initializing ExecutorService 'myAsyncThreadPool'
[2019-07-03 23:35:26][main][WARN][org.thymeleaf.templatemode.TemplateMode:150] [THYMELEAF][main] Template Mode 'LEGACYHTML5' is deprecated. Using Template Mode 'HTML' instead.
[2019-07-03 23:35:27][main][INFO][org.quartz.impl.StdSchedulerFactory:1184] Using default implementation for ThreadExecutor
[2019-07-03 23:35:27][main][INFO][org.quartz.core.SchedulerSignalerImpl:61] Initialized Scheduler Signaller of type: class org.quartz.core.SchedulerSignalerImpl
[2019-07-03 23:35:27][main][INFO][org.quartz.core.QuartzScheduler:240] Quartz Scheduler v.2.2.1 created.
[2019-07-03 23:35:27][main][INFO][org.quartz.simpl.RAMJobStore:155] RAMJobStore initialized.
[2019-07-03 23:35:27][main][INFO][org.quartz.core.QuartzScheduler:305] Scheduler meta-data: Quartz Scheduler (v2.2.1) 'quartzScheduler' with instanceId 'NON_CLUSTERED'
  Scheduler class: 'org.quartz.core.QuartzScheduler' - running locally.
  NOT STARTED.
  Currently in standby mode.
  Number of jobs executed: 0
  Using thread pool 'org.quartz.simpl.SimpleThreadPool' - with 10 threads.
  Using job-store 'org.quartz.simpl.RAMJobStore' - which does not support persistence. and is not clustered.

[2019-07-03 23:35:27][main][INFO][org.quartz.impl.StdSchedulerFactory:1339] Quartz scheduler 'quartzScheduler' initialized from an externally provided properties instance.
[2019-07-03 23:35:27][main][INFO][org.quartz.impl.StdSchedulerFactory:1343] Quartz scheduler version: 2.2.1
[2019-07-03 23:35:27][main][INFO][org.quartz.core.QuartzScheduler:2311] JobFactory set to: org.springframework.scheduling.quartz.SpringBeanJobFactory@57927bc9
[2019-07-03 23:35:27][main][INFO][org.springframework.scheduling.quartz.SchedulerFactoryBean:726] Starting Quartz Scheduler now
[2019-07-03 23:35:27][main][INFO][org.quartz.core.QuartzScheduler:575] Scheduler quartzScheduler_$_NON_CLUSTERED started.
[2019-07-03 23:35:27][main][INFO][com.own.springboot.LearnStartApplicationTests:59] Started LearnStartApplicationTests in 11.034 seconds (JVM running for 16.613)
[2019-07-03 23:35:49][Thread-6][INFO][org.quartz.core.QuartzScheduler:613] Scheduler quartzScheduler_$_NON_CLUSTERED paused.
[2019-07-03 23:35:49][Thread-6][INFO][org.springframework.scheduling.quartz.SchedulerFactoryBean:844] Shutting down Quartz Scheduler
[2019-07-03 23:35:49][Thread-6][INFO][org.quartz.core.QuartzScheduler:694] Scheduler quartzScheduler_$_NON_CLUSTERED shutting down.
[2019-07-03 23:35:49][Thread-6][INFO][org.quartz.core.QuartzScheduler:613] Scheduler quartzScheduler_$_NON_CLUSTERED paused.
[2019-07-03 23:35:49][Thread-6][INFO][org.quartz.core.QuartzScheduler:771] Scheduler quartzScheduler_$_NON_CLUSTERED shutdown complete.
[2019-07-03 23:35:49][Thread-6][INFO][org.springframework.scheduling.concurrent.ThreadPoolTaskExecutor:208] Shutting down ExecutorService 'myAsyncThreadPool'
[2019-07-03 23:35:49][Thread-6][INFO][org.springframework.cache.ehcache.EhCacheManagerFactoryBean:192] Shutting down EhCache CacheManager
[2019-07-03 23:35:49][Thread-6][INFO][com.alibaba.druid.pool.DruidDataSource:1823] {dataSource-1} closed
[2019-07-03 23:51:56][main][INFO][org.springframework.boot.test.context.SpringBootTestContextBootstrapper:308] Neither @ContextConfiguration nor @ContextHierarchy found for test class [com.own.springboot.LearnStartApplicationTests], using SpringBootContextLoader
[2019-07-03 23:51:56][main][INFO][org.springframework.test.context.support.AbstractContextLoader:264] Could not detect default resource locations for test class [com.own.springboot.LearnStartApplicationTests]: no resource found for suffixes {-context.xml, Context.groovy}.
[2019-07-03 23:51:56][main][INFO][org.springframework.test.context.support.AnnotationConfigContextLoaderUtils:83] Could not detect default configuration classes for test class [com.own.springboot.LearnStartApplicationTests]: LearnStartApplicationTests does not declare any static, non-private, non-final, nested classes annotated with @Configuration.
[2019-07-03 23:51:56][main][INFO][org.springframework.boot.test.context.SpringBootTestContextBootstrapper:247] Found @SpringBootConfiguration com.own.springboot.LearnStartApplication for test class com.own.springboot.LearnStartApplicationTests
[2019-07-03 23:51:57][main][INFO][org.springframework.boot.test.context.SpringBootTestContextBootstrapper:248] Loaded default TestExecutionListener class names from location [META-INF/spring.factories]: [org.springframework.boot.test.mock.mockito.MockitoTestExecutionListener, org.springframework.boot.test.mock.mockito.ResetMocksTestExecutionListener, org.springframework.boot.test.autoconfigure.restdocs.RestDocsTestExecutionListener, org.springframework.boot.test.autoconfigure.web.client.MockRestServiceServerResetTestExecutionListener, org.springframework.boot.test.autoconfigure.web.servlet.MockMvcPrintOnlyOnFailureTestExecutionListener, org.springframework.boot.test.autoconfigure.web.servlet.WebDriverTestExecutionListener, org.springframework.test.context.web.ServletTestExecutionListener, org.springframework.test.context.support.DirtiesContextBeforeModesTestExecutionListener, org.springframework.test.context.support.DependencyInjectionTestExecutionListener, org.springframework.test.context.support.DirtiesContextTestExecutionListener, org.springframework.test.context.transaction.TransactionalTestExecutionListener, org.springframework.test.context.jdbc.SqlScriptsTestExecutionListener]
[2019-07-03 23:51:57][main][INFO][org.springframework.boot.test.context.SpringBootTestContextBootstrapper:177] Using TestExecutionListeners: [org.springframework.test.context.web.ServletTestExecutionListener@18920cc, org.springframework.test.context.support.DirtiesContextBeforeModesTestExecutionListener@2807bdeb, org.springframework.boot.test.mock.mockito.MockitoTestExecutionListener@72c28d64, org.springframework.boot.test.autoconfigure.SpringBootDependencyInjectionTestExecutionListener@6492fab5, org.springframework.test.context.support.DirtiesContextTestExecutionListener@2c5529ab, org.springframework.test.context.transaction.TransactionalTestExecutionListener@39a8312f, org.springframework.test.context.jdbc.SqlScriptsTestExecutionListener@5f6722d3, org.springframework.boot.test.mock.mockito.ResetMocksTestExecutionListener@2c532cd8, org.springframework.boot.test.autoconfigure.restdocs.RestDocsTestExecutionListener@294e5088, org.springframework.boot.test.autoconfigure.web.client.MockRestServiceServerResetTestExecutionListener@51972dc7, org.springframework.boot.test.autoconfigure.web.servlet.MockMvcPrintOnlyOnFailureTestExecutionListener@3700ec9c, org.springframework.boot.test.autoconfigure.web.servlet.WebDriverTestExecutionListener@2002348]
[2019-07-03 23:51:58][main][INFO][com.own.springboot.LearnStartApplicationTests:50] Starting LearnStartApplicationTests on DESKTOP-3T055Q6 with PID 15976 (started by admin in D:\learnSpringboot\learn-start)
[2019-07-03 23:51:58][main][INFO][com.own.springboot.LearnStartApplicationTests:679] The following profiles are active: dev
[2019-07-03 23:52:01][main][INFO][com.alibaba.druid.spring.boot.autoconfigure.DruidDataSourceAutoConfigure:56] Init DruidDataSource
[2019-07-03 23:52:01][main][INFO][com.alibaba.druid.pool.DruidDataSource:928] {dataSource-1} inited
[2019-07-03 23:52:02][main][INFO][org.springframework.cache.ehcache.EhCacheManagerFactoryBean:134] Initializing EhCache CacheManager
[2019-07-03 23:52:04][main][WARN][net.sf.ehcache.config.CacheConfiguration:1857] Configuration problem for cache userCache: MaxEntriesLocalHeap equal or greater than MaxEntriesLocalDisk. This will result in useless disk storage.
[2019-07-03 23:52:04][main][INFO][org.springframework.scheduling.concurrent.ThreadPoolTaskExecutor:171] Initializing ExecutorService
[2019-07-03 23:52:04][main][INFO][org.springframework.scheduling.concurrent.ThreadPoolTaskExecutor:171] Initializing ExecutorService 'myAsyncThreadPool'
[2019-07-03 23:52:06][main][WARN][org.thymeleaf.templatemode.TemplateMode:150] [THYMELEAF][main] Template Mode 'LEGACYHTML5' is deprecated. Using Template Mode 'HTML' instead.
[2019-07-03 23:52:06][main][INFO][org.quartz.impl.StdSchedulerFactory:1184] Using default implementation for ThreadExecutor
[2019-07-03 23:52:06][main][INFO][org.quartz.core.SchedulerSignalerImpl:61] Initialized Scheduler Signaller of type: class org.quartz.core.SchedulerSignalerImpl
[2019-07-03 23:52:06][main][INFO][org.quartz.core.QuartzScheduler:240] Quartz Scheduler v.2.2.1 created.
[2019-07-03 23:52:06][main][INFO][org.quartz.simpl.RAMJobStore:155] RAMJobStore initialized.
[2019-07-03 23:52:06][main][INFO][org.quartz.core.QuartzScheduler:305] Scheduler meta-data: Quartz Scheduler (v2.2.1) 'quartzScheduler' with instanceId 'NON_CLUSTERED'
  Scheduler class: 'org.quartz.core.QuartzScheduler' - running locally.
  NOT STARTED.
  Currently in standby mode.
  Number of jobs executed: 0
  Using thread pool 'org.quartz.simpl.SimpleThreadPool' - with 10 threads.
  Using job-store 'org.quartz.simpl.RAMJobStore' - which does not support persistence. and is not clustered.

[2019-07-03 23:52:06][main][INFO][org.quartz.impl.StdSchedulerFactory:1339] Quartz scheduler 'quartzScheduler' initialized from an externally provided properties instance.
[2019-07-03 23:52:06][main][INFO][org.quartz.impl.StdSchedulerFactory:1343] Quartz scheduler version: 2.2.1
[2019-07-03 23:52:06][main][INFO][org.quartz.core.QuartzScheduler:2311] JobFactory set to: org.springframework.scheduling.quartz.SpringBeanJobFactory@27960b1e
[2019-07-03 23:52:07][main][INFO][org.springframework.scheduling.quartz.SchedulerFactoryBean:726] Starting Quartz Scheduler now
[2019-07-03 23:52:07][main][INFO][org.quartz.core.QuartzScheduler:575] Scheduler quartzScheduler_$_NON_CLUSTERED started.
[2019-07-03 23:52:07][main][INFO][com.own.springboot.LearnStartApplicationTests:59] Started LearnStartApplicationTests in 9.853 seconds (JVM running for 14.873)
[2019-07-03 23:52:07][Thread-6][INFO][org.quartz.core.QuartzScheduler:613] Scheduler quartzScheduler_$_NON_CLUSTERED paused.
[2019-07-03 23:52:07][Thread-6][INFO][org.springframework.scheduling.quartz.SchedulerFactoryBean:844] Shutting down Quartz Scheduler
[2019-07-03 23:52:07][Thread-6][INFO][org.quartz.core.QuartzScheduler:694] Scheduler quartzScheduler_$_NON_CLUSTERED shutting down.
[2019-07-03 23:52:07][Thread-6][INFO][org.quartz.core.QuartzScheduler:613] Scheduler quartzScheduler_$_NON_CLUSTERED paused.
[2019-07-03 23:52:07][Thread-6][INFO][org.quartz.core.QuartzScheduler:771] Scheduler quartzScheduler_$_NON_CLUSTERED shutdown complete.
[2019-07-03 23:52:07][Thread-6][INFO][org.springframework.scheduling.concurrent.ThreadPoolTaskExecutor:208] Shutting down ExecutorService 'myAsyncThreadPool'
[2019-07-03 23:52:07][Thread-6][INFO][org.springframework.cache.ehcache.EhCacheManagerFactoryBean:192] Shutting down EhCache CacheManager
[2019-07-03 23:52:07][Thread-6][INFO][com.alibaba.druid.pool.DruidDataSource:1823] {dataSource-1} closed
[2019-07-04 00:02:23][main][INFO][org.springframework.boot.test.context.SpringBootTestContextBootstrapper:308] Neither @ContextConfiguration nor @ContextHierarchy found for test class [com.own.springboot.LearnStartApplicationTests], using SpringBootContextLoader
[2019-07-04 00:02:23][main][INFO][org.springframework.test.context.support.AbstractContextLoader:264] Could not detect default resource locations for test class [com.own.springboot.LearnStartApplicationTests]: no resource found for suffixes {-context.xml, Context.groovy}.
[2019-07-04 00:02:23][main][INFO][org.springframework.test.context.support.AnnotationConfigContextLoaderUtils:83] Could not detect default configuration classes for test class [com.own.springboot.LearnStartApplicationTests]: LearnStartApplicationTests does not declare any static, non-private, non-final, nested classes annotated with @Configuration.
[2019-07-04 00:02:24][main][INFO][org.springframework.boot.test.context.SpringBootTestContextBootstrapper:247] Found @SpringBootConfiguration com.own.springboot.LearnStartApplication for test class com.own.springboot.LearnStartApplicationTests
[2019-07-04 00:02:24][main][INFO][org.springframework.boot.test.context.SpringBootTestContextBootstrapper:248] Loaded default TestExecutionListener class names from location [META-INF/spring.factories]: [org.springframework.boot.test.mock.mockito.MockitoTestExecutionListener, org.springframework.boot.test.mock.mockito.ResetMocksTestExecutionListener, org.springframework.boot.test.autoconfigure.restdocs.RestDocsTestExecutionListener, org.springframework.boot.test.autoconfigure.web.client.MockRestServiceServerResetTestExecutionListener, org.springframework.boot.test.autoconfigure.web.servlet.MockMvcPrintOnlyOnFailureTestExecutionListener, org.springframework.boot.test.autoconfigure.web.servlet.WebDriverTestExecutionListener, org.springframework.test.context.web.ServletTestExecutionListener, org.springframework.test.context.support.DirtiesContextBeforeModesTestExecutionListener, org.springframework.test.context.support.DependencyInjectionTestExecutionListener, org.springframework.test.context.support.DirtiesContextTestExecutionListener, org.springframework.test.context.transaction.TransactionalTestExecutionListener, org.springframework.test.context.jdbc.SqlScriptsTestExecutionListener]
[2019-07-04 00:02:24][main][INFO][org.springframework.boot.test.context.SpringBootTestContextBootstrapper:177] Using TestExecutionListeners: [org.springframework.test.context.web.ServletTestExecutionListener@18920cc, org.springframework.test.context.support.DirtiesContextBeforeModesTestExecutionListener@2807bdeb, org.springframework.boot.test.mock.mockito.MockitoTestExecutionListener@72c28d64, org.springframework.boot.test.autoconfigure.SpringBootDependencyInjectionTestExecutionListener@6492fab5, org.springframework.test.context.support.DirtiesContextTestExecutionListener@2c5529ab, org.springframework.test.context.transaction.TransactionalTestExecutionListener@39a8312f, org.springframework.test.context.jdbc.SqlScriptsTestExecutionListener@5f6722d3, org.springframework.boot.test.mock.mockito.ResetMocksTestExecutionListener@2c532cd8, org.springframework.boot.test.autoconfigure.restdocs.RestDocsTestExecutionListener@294e5088, org.springframework.boot.test.autoconfigure.web.client.MockRestServiceServerResetTestExecutionListener@51972dc7, org.springframework.boot.test.autoconfigure.web.servlet.MockMvcPrintOnlyOnFailureTestExecutionListener@3700ec9c, org.springframework.boot.test.autoconfigure.web.servlet.WebDriverTestExecutionListener@2002348]
[2019-07-04 00:02:25][main][INFO][com.own.springboot.LearnStartApplicationTests:50] Starting LearnStartApplicationTests on DESKTOP-3T055Q6 with PID 9080 (started by admin in D:\learnSpringboot\learn-start)
[2019-07-04 00:02:25][main][INFO][com.own.springboot.LearnStartApplicationTests:679] The following profiles are active: dev
[2019-07-04 00:02:28][main][INFO][com.alibaba.druid.spring.boot.autoconfigure.DruidDataSourceAutoConfigure:56] Init DruidDataSource
[2019-07-04 00:02:29][main][INFO][com.alibaba.druid.pool.DruidDataSource:928] {dataSource-1} inited
[2019-07-04 00:02:30][main][INFO][org.springframework.cache.ehcache.EhCacheManagerFactoryBean:134] Initializing EhCache CacheManager
[2019-07-04 00:02:31][main][WARN][net.sf.ehcache.config.CacheConfiguration:1857] Configuration problem for cache userCache: MaxEntriesLocalHeap equal or greater than MaxEntriesLocalDisk. This will result in useless disk storage.
[2019-07-04 00:02:31][main][INFO][org.springframework.scheduling.concurrent.ThreadPoolTaskExecutor:171] Initializing ExecutorService
[2019-07-04 00:02:31][main][INFO][org.springframework.scheduling.concurrent.ThreadPoolTaskExecutor:171] Initializing ExecutorService 'myAsyncThreadPool'
[2019-07-04 00:02:33][main][WARN][org.thymeleaf.templatemode.TemplateMode:150] [THYMELEAF][main] Template Mode 'LEGACYHTML5' is deprecated. Using Template Mode 'HTML' instead.
[2019-07-04 00:02:33][main][INFO][org.quartz.impl.StdSchedulerFactory:1184] Using default implementation for ThreadExecutor
[2019-07-04 00:02:34][main][INFO][org.quartz.core.SchedulerSignalerImpl:61] Initialized Scheduler Signaller of type: class org.quartz.core.SchedulerSignalerImpl
[2019-07-04 00:02:34][main][INFO][org.quartz.core.QuartzScheduler:240] Quartz Scheduler v.2.2.1 created.
[2019-07-04 00:02:34][main][INFO][org.quartz.simpl.RAMJobStore:155] RAMJobStore initialized.
[2019-07-04 00:02:34][main][INFO][org.quartz.core.QuartzScheduler:305] Scheduler meta-data: Quartz Scheduler (v2.2.1) 'quartzScheduler' with instanceId 'NON_CLUSTERED'
  Scheduler class: 'org.quartz.core.QuartzScheduler' - running locally.
  NOT STARTED.
  Currently in standby mode.
  Number of jobs executed: 0
  Using thread pool 'org.quartz.simpl.SimpleThreadPool' - with 10 threads.
  Using job-store 'org.quartz.simpl.RAMJobStore' - which does not support persistence. and is not clustered.

[2019-07-04 00:02:34][main][INFO][org.quartz.impl.StdSchedulerFactory:1339] Quartz scheduler 'quartzScheduler' initialized from an externally provided properties instance.
[2019-07-04 00:02:34][main][INFO][org.quartz.impl.StdSchedulerFactory:1343] Quartz scheduler version: 2.2.1
[2019-07-04 00:02:34][main][INFO][org.quartz.core.QuartzScheduler:2311] JobFactory set to: org.springframework.scheduling.quartz.SpringBeanJobFactory@643ba1ed
[2019-07-04 00:02:34][main][INFO][org.springframework.scheduling.quartz.SchedulerFactoryBean:726] Starting Quartz Scheduler now
[2019-07-04 00:02:34][main][INFO][org.quartz.core.QuartzScheduler:575] Scheduler quartzScheduler_$_NON_CLUSTERED started.
[2019-07-04 00:02:34][main][INFO][com.own.springboot.LearnStartApplicationTests:59] Started LearnStartApplicationTests in 9.763 seconds (JVM running for 15.837)
[2019-07-04 00:02:34][Thread-6][INFO][org.quartz.core.QuartzScheduler:613] Scheduler quartzScheduler_$_NON_CLUSTERED paused.
[2019-07-04 00:02:34][Thread-6][INFO][org.springframework.scheduling.quartz.SchedulerFactoryBean:844] Shutting down Quartz Scheduler
[2019-07-04 00:02:34][Thread-6][INFO][org.quartz.core.QuartzScheduler:694] Scheduler quartzScheduler_$_NON_CLUSTERED shutting down.
[2019-07-04 00:02:34][Thread-6][INFO][org.quartz.core.QuartzScheduler:613] Scheduler quartzScheduler_$_NON_CLUSTERED paused.
[2019-07-04 00:02:34][Thread-6][INFO][org.quartz.core.QuartzScheduler:771] Scheduler quartzScheduler_$_NON_CLUSTERED shutdown complete.
[2019-07-04 00:02:34][Thread-6][INFO][org.springframework.scheduling.concurrent.ThreadPoolTaskExecutor:208] Shutting down ExecutorService 'myAsyncThreadPool'
[2019-07-04 00:02:34][Thread-6][INFO][org.springframework.cache.ehcache.EhCacheManagerFactoryBean:192] Shutting down EhCache CacheManager
[2019-07-04 00:02:34][Thread-6][INFO][com.alibaba.druid.pool.DruidDataSource:1823] {dataSource-1} closed
[2019-07-04 00:03:03][main][INFO][org.springframework.boot.test.context.SpringBootTestContextBootstrapper:308] Neither @ContextConfiguration nor @ContextHierarchy found for test class [com.own.springboot.LearnStartApplicationTests], using SpringBootContextLoader
[2019-07-04 00:03:03][main][INFO][org.springframework.test.context.support.AbstractContextLoader:264] Could not detect default resource locations for test class [com.own.springboot.LearnStartApplicationTests]: no resource found for suffixes {-context.xml, Context.groovy}.
[2019-07-04 00:03:03][main][INFO][org.springframework.test.context.support.AnnotationConfigContextLoaderUtils:83] Could not detect default configuration classes for test class [com.own.springboot.LearnStartApplicationTests]: LearnStartApplicationTests does not declare any static, non-private, non-final, nested classes annotated with @Configuration.
[2019-07-04 00:03:03][main][INFO][org.springframework.boot.test.context.SpringBootTestContextBootstrapper:247] Found @SpringBootConfiguration com.own.springboot.LearnStartApplication for test class com.own.springboot.LearnStartApplicationTests
[2019-07-04 00:03:04][main][INFO][org.springframework.boot.test.context.SpringBootTestContextBootstrapper:248] Loaded default TestExecutionListener class names from location [META-INF/spring.factories]: [org.springframework.boot.test.mock.mockito.MockitoTestExecutionListener, org.springframework.boot.test.mock.mockito.ResetMocksTestExecutionListener, org.springframework.boot.test.autoconfigure.restdocs.RestDocsTestExecutionListener, org.springframework.boot.test.autoconfigure.web.client.MockRestServiceServerResetTestExecutionListener, org.springframework.boot.test.autoconfigure.web.servlet.MockMvcPrintOnlyOnFailureTestExecutionListener, org.springframework.boot.test.autoconfigure.web.servlet.WebDriverTestExecutionListener, org.springframework.test.context.web.ServletTestExecutionListener, org.springframework.test.context.support.DirtiesContextBeforeModesTestExecutionListener, org.springframework.test.context.support.DependencyInjectionTestExecutionListener, org.springframework.test.context.support.DirtiesContextTestExecutionListener, org.springframework.test.context.transaction.TransactionalTestExecutionListener, org.springframework.test.context.jdbc.SqlScriptsTestExecutionListener]
[2019-07-04 00:03:04][main][INFO][org.springframework.boot.test.context.SpringBootTestContextBootstrapper:177] Using TestExecutionListeners: [org.springframework.test.context.web.ServletTestExecutionListener@18920cc, org.springframework.test.context.support.DirtiesContextBeforeModesTestExecutionListener@2807bdeb, org.springframework.boot.test.mock.mockito.MockitoTestExecutionListener@72c28d64, org.springframework.boot.test.autoconfigure.SpringBootDependencyInjectionTestExecutionListener@6492fab5, org.springframework.test.context.support.DirtiesContextTestExecutionListener@2c5529ab, org.springframework.test.context.transaction.TransactionalTestExecutionListener@39a8312f, org.springframework.test.context.jdbc.SqlScriptsTestExecutionListener@5f6722d3, org.springframework.boot.test.mock.mockito.ResetMocksTestExecutionListener@2c532cd8, org.springframework.boot.test.autoconfigure.restdocs.RestDocsTestExecutionListener@294e5088, org.springframework.boot.test.autoconfigure.web.client.MockRestServiceServerResetTestExecutionListener@51972dc7, org.springframework.boot.test.autoconfigure.web.servlet.MockMvcPrintOnlyOnFailureTestExecutionListener@3700ec9c, org.springframework.boot.test.autoconfigure.web.servlet.WebDriverTestExecutionListener@2002348]
[2019-07-04 00:03:05][main][INFO][com.own.springboot.LearnStartApplicationTests:50] Starting LearnStartApplicationTests on DESKTOP-3T055Q6 with PID 14448 (started by admin in D:\learnSpringboot\learn-start)
[2019-07-04 00:03:05][main][INFO][com.own.springboot.LearnStartApplicationTests:679] The following profiles are active: dev
[2019-07-04 00:03:07][main][INFO][com.alibaba.druid.spring.boot.autoconfigure.DruidDataSourceAutoConfigure:56] Init DruidDataSource
[2019-07-04 00:03:08][main][INFO][com.alibaba.druid.pool.DruidDataSource:928] {dataSource-1} inited
[2019-07-04 00:03:09][main][INFO][org.springframework.cache.ehcache.EhCacheManagerFactoryBean:134] Initializing EhCache CacheManager
[2019-07-04 00:03:10][main][WARN][net.sf.ehcache.config.CacheConfiguration:1857] Configuration problem for cache userCache: MaxEntriesLocalHeap equal or greater than MaxEntriesLocalDisk. This will result in useless disk storage.
[2019-07-04 00:03:11][main][INFO][org.springframework.scheduling.concurrent.ThreadPoolTaskExecutor:171] Initializing ExecutorService
[2019-07-04 00:03:11][main][INFO][org.springframework.scheduling.concurrent.ThreadPoolTaskExecutor:171] Initializing ExecutorService 'myAsyncThreadPool'
[2019-07-04 00:03:12][main][WARN][org.thymeleaf.templatemode.TemplateMode:150] [THYMELEAF][main] Template Mode 'LEGACYHTML5' is deprecated. Using Template Mode 'HTML' instead.
[2019-07-04 00:03:13][main][INFO][org.quartz.impl.StdSchedulerFactory:1184] Using default implementation for ThreadExecutor
[2019-07-04 00:03:13][main][INFO][org.quartz.core.SchedulerSignalerImpl:61] Initialized Scheduler Signaller of type: class org.quartz.core.SchedulerSignalerImpl
[2019-07-04 00:03:13][main][INFO][org.quartz.core.QuartzScheduler:240] Quartz Scheduler v.2.2.1 created.
[2019-07-04 00:03:13][main][INFO][org.quartz.simpl.RAMJobStore:155] RAMJobStore initialized.
[2019-07-04 00:03:13][main][INFO][org.quartz.core.QuartzScheduler:305] Scheduler meta-data: Quartz Scheduler (v2.2.1) 'quartzScheduler' with instanceId 'NON_CLUSTERED'
  Scheduler class: 'org.quartz.core.QuartzScheduler' - running locally.
  NOT STARTED.
  Currently in standby mode.
  Number of jobs executed: 0
  Using thread pool 'org.quartz.simpl.SimpleThreadPool' - with 10 threads.
  Using job-store 'org.quartz.simpl.RAMJobStore' - which does not support persistence. and is not clustered.

[2019-07-04 00:03:13][main][INFO][org.quartz.impl.StdSchedulerFactory:1339] Quartz scheduler 'quartzScheduler' initialized from an externally provided properties instance.
[2019-07-04 00:03:13][main][INFO][org.quartz.impl.StdSchedulerFactory:1343] Quartz scheduler version: 2.2.1
[2019-07-04 00:03:13][main][INFO][org.quartz.core.QuartzScheduler:2311] JobFactory set to: org.springframework.scheduling.quartz.SpringBeanJobFactory@44aa2e13
[2019-07-04 00:03:13][main][INFO][org.springframework.scheduling.quartz.SchedulerFactoryBean:726] Starting Quartz Scheduler now
[2019-07-04 00:03:13][main][INFO][org.quartz.core.QuartzScheduler:575] Scheduler quartzScheduler_$_NON_CLUSTERED started.
[2019-07-04 00:03:13][main][INFO][com.own.springboot.LearnStartApplicationTests:59] Started LearnStartApplicationTests in 9.467 seconds (JVM running for 14.372)
[2019-07-04 00:03:14][Thread-6][INFO][org.quartz.core.QuartzScheduler:613] Scheduler quartzScheduler_$_NON_CLUSTERED paused.
[2019-07-04 00:03:14][Thread-6][INFO][org.springframework.scheduling.quartz.SchedulerFactoryBean:844] Shutting down Quartz Scheduler
[2019-07-04 00:03:14][Thread-6][INFO][org.quartz.core.QuartzScheduler:694] Scheduler quartzScheduler_$_NON_CLUSTERED shutting down.
[2019-07-04 00:03:14][Thread-6][INFO][org.quartz.core.QuartzScheduler:613] Scheduler quartzScheduler_$_NON_CLUSTERED paused.
[2019-07-04 00:03:14][Thread-6][INFO][org.quartz.core.QuartzScheduler:771] Scheduler quartzScheduler_$_NON_CLUSTERED shutdown complete.
[2019-07-04 00:03:14][Thread-6][INFO][org.springframework.scheduling.concurrent.ThreadPoolTaskExecutor:208] Shutting down ExecutorService 'myAsyncThreadPool'
[2019-07-04 00:03:14][Thread-6][INFO][org.springframework.cache.ehcache.EhCacheManagerFactoryBean:192] Shutting down EhCache CacheManager
[2019-07-04 00:03:14][Thread-6][INFO][com.alibaba.druid.pool.DruidDataSource:1823] {dataSource-1} closed
